$ PYTEST_DISABLE_PLUGIN_AUTOLOAD=1 python3 -m pytest test -v

============================= test session starts ==============================
platform linux -- Python 3.10.12, pytest-6.2.5, py-1.10.0, pluggy-0.13.0 -- /usr/bin/python3
cachedir: .pytest_cache
rootdir: /home/rokey/2026_ROKEY_4_UnderGuard/intelligence1_algorithm/herding_controller_dual
collecting ... collected 177 items

test/test_escape_model.py::test_probabilities_sum_to_one PASSED          [  0%]
test/test_escape_model.py::test_obstacle_direction_is_masked_to_zero PASSED [  1%]
test/test_escape_model.py::test_top_k_routes_length_matches_config PASSED [  1%]
test/test_escape_model.py::test_fully_boxed_in_falls_back_to_uniform_distribution PASSED [  2%]
test/test_escape_model.py::test_top_k_routes_excludes_obstacle_cells_when_some_directions_invalid PASSED [  2%]
test/test_escape_model.py::test_robot_repulsion_gates_second_robot_beyond_activation_distance PASSED [  3%]
test/test_escape_model.py::test_robot_repulsion_includes_second_robot_within_activation_distance PASSED [  3%]
test/test_escape_model.py::test_robot_repulsion_default_activation_distance_does_not_gate PASSED [  4%]
test/test_escape_model.py::test_robot_repulsion_gates_whichever_index_is_passed_as_blocker PASSED [  5%]
test/test_evasion_models.py::test_reactive_flee_moves_away_from_nearby_robot PASSED [  5%]
test/test_evasion_models.py::test_reactive_flee_stays_still_when_robot_is_far PASSED [  6%]
test/test_evasion_models.py::test_wall_hugger_flees_when_robot_close PASSED [  6%]
test/test_evasion_models.py::test_random_walk_ignores_robot_but_moves PASSED [  7%]
test/test_evasion_models.py::test_noisy_human_delays_reaction PASSED     [  7%]
test/test_evasion_models.py::test_noisy_human_clips_noisy_command_to_max_speed PASSED [  8%]
test/test_evasion_models.py::test_log_replay_reads_csv_and_returns_velocity_to_next_point PASSED [  9%]
test/test_evasion_models.py::test_log_replay_clips_velocity_spike_when_dt_misaligns_with_sample_boundary PASSED [  9%]
test/test_field_logger.py::test_select_capture_zone_returns_one_of_the_four_candidates PASSED [ 10%]
test/test_field_logger.py::test_field_logger_writes_expected_columns PASSED [ 10%]
test/test_field_logger.py::test_detect_rule_violations_counts_target_moving_toward_close_robot PASSED [ 11%]
test/test_field_logger.py::test_select_capture_zone_never_prints_to_stdout_or_stderr PASSED [ 11%]
test/test_field_logger.py::test_field_logger_log_trial_never_prints_capture_zone PASSED [ 12%]
test/test_field_logger.py::test_field_logger_creates_parent_directory_if_missing PASSED [ 12%]
test/test_field_logger.py::test_field_logger_appends_without_duplicating_header_across_process_restarts PASSED [ 13%]
test/test_field_logger.py::test_field_logger_success_written_as_unambiguous_int_not_truthy_string PASSED [ 14%]
test/test_field_logger.py::test_detect_rule_violations_empty_robot_list_at_one_timestep_does_not_crash PASSED [ 14%]
test/test_field_logger.py::test_detect_rule_violations_mismatched_list_lengths_raises_instead_of_silently_truncating PASSED [ 15%]
test/test_field_logger.py::test_detect_rule_violations_closest_robot_is_the_one_evaluated_not_farther_threatened_one PASSED [ 15%]
test/test_grid_map.py::test_world_to_cell_round_trip PASSED              [ 16%]
test/test_grid_map.py::test_world_to_cell_out_of_bounds_raises PASSED    [ 16%]
test/test_grid_map.py::test_obstacle_mask_from_occupancy PASSED          [ 17%]
test/test_grid_map.py::test_world_to_cell_negative_near_origin_raises PASSED [ 18%]
test/test_herding_core.py::test_no_rclpy_import_anywhere_in_core_chain PASSED [ 18%]
test/test_herding_core.py::test_step_returns_search_state_with_no_observation PASSED [ 19%]
test/test_herding_core.py::test_step_tracks_and_drives_toward_target_after_observations PASSED [ 19%]
test/test_herding_core.py::test_config_wires_every_subconfig_without_type_error PASSED [ 20%]
test/test_herding_core.py::test_blocking_point_commit_sec_defaults_to_one_second PASSED [ 20%]
test/test_herding_core.py::test_stabilize_blocking_point_holds_previous_value_within_commit_window PASSED [ 21%]
test/test_herding_core.py::test_stabilize_blocking_point_adopts_new_candidate_after_commit_window PASSED [ 22%]
test/test_herding_core.py::test_shorter_commit_window_adopts_new_candidates_sooner PASSED [ 22%]
test/test_herding_core.py::test_zero_commit_sec_adopts_every_candidate_immediately PASSED [ 23%]
test/test_herding_core.py::test_deadlock_config_defaults PASSED          [ 23%]
test/test_herding_core.py::test_update_deadlock_state_stays_false_until_stall_sec_elapses PASSED [ 24%]
test/test_herding_core.py::test_update_deadlock_state_resets_when_target_leaves_drift_radius PASSED [ 24%]
test/test_herding_core.py::test_update_deadlock_state_ignores_jitter_within_drift_radius PASSED [ 25%]
test/test_herding_core.py::test_deadlock_release_point_moves_blocker_away_along_its_own_bearing PASSED [ 25%]
test/test_herding_core.py::test_deadlock_release_point_falls_back_to_arbitrary_direction_when_coincident PASSED [ 26%]
test/test_herding_core.py::test_herd_state_triggers_deadlock_release_when_target_stays_put_off_goal PASSED [ 27%]
test/test_herding_core.py::test_escape_concentration_threshold_gates_the_corner_transition PASSED [ 27%]
test/test_herding_core.py::test_search_state_skips_escape_planner_and_role_logic PASSED [ 28%]
test/test_herding_core.py::test_lost_state_seeds_occlusion_grid_and_skips_escape_planner_role PASSED [ 28%]
test/test_herding_core.py::test_second_lost_episode_reseeds_from_new_position PASSED [ 29%]
test/test_herding_core.py::test_bootstrap_picks_the_geometrically_better_driver_candidate PASSED [ 29%]
test/test_herding_core.py::test_role_swaps_after_cooldown_when_geometry_reverses PASSED [ 30%]
test/test_herding_core.py::test_panic_flag_propagates_from_the_driving_point PASSED [ 31%]
test/test_herding_core.py::test_captured_state_is_reached_and_holds_position PASSED [ 31%]
test/test_herding_core.py::test_off_grid_target_does_not_crash_the_cycle PASSED [ 32%]
test/test_herding_core.py::test_mismatched_occupancy_shape_is_ignored PASSED [ 32%]
test/test_herding_core.py::test_occupancy_of_the_right_shape_is_applied PASSED [ 33%]
test/test_herding_core.py::test_output_goals_do_not_alias_the_observation_arrays PASSED [ 33%]
test/test_herding_core.py::test_no_module_in_the_core_import_chain_imports_rclpy PASSED [ 34%]
test/test_herding_core.py::test_herding_config_rejects_drive_distance_that_exceeds_the_flee_reaction_radius PASSED [ 35%]
test/test_herding_core.py::test_herding_config_rejects_the_exact_boundary_case PASSED [ 35%]
test/test_herding_core.py::test_herding_config_accepts_a_combination_with_margin PASSED [ 36%]
test/test_herding_core.py::test_shipping_yaml_config_satisfies_the_invariant PASSED [ 36%]
test/test_herding_core.py::test_robot_repulsion_activation_distance_defaults_to_unbounded PASSED [ 37%]
test/test_herding_core.py::test_robot_repulsion_activation_distance_wired_to_escape_model PASSED [ 37%]
test/test_herding_node_imports.py::test_herding_node_is_the_only_module_importing_rclpy PASSED [ 38%]
test/test_herding_node_imports.py::test_herding_node_module_has_expected_public_surface PASSED [ 38%]
test/test_herding_node_imports.py::test_load_config_declares_every_herdingconfig_field_without_crashing PASSED [ 39%]
test/test_herding_node_imports.py::test_serialize_state_is_json_safe_with_escape_routes_and_enum PASSED [ 40%]
test/test_herding_node_imports.py::test_serialize_state_handles_empty_escape_top3 PASSED [ 40%]
test/test_herding_node_imports.py::test_serialize_state_handles_every_fsm_state PASSED [ 41%]
test/test_herding_node_imports.py::test_prob_grid_to_flat_int8_range_shape_and_row_major_order PASSED [ 41%]
test/test_herding_node_imports.py::test_prob_grid_to_flat_int8_round_trips_with_on_map_reshape PASSED [ 42%]
test/test_herding_node_imports.py::test_rasterize_escape_probabilities_paints_rays_from_target_cell PASSED [ 42%]
test/test_herding_node_imports.py::test_rasterize_escape_probabilities_stops_at_grid_edge_without_crashing PASSED [ 43%]
test/test_herding_node_imports.py::test_rasterize_escape_probabilities_off_grid_target_returns_all_zero PASSED [ 44%]
test/test_herding_node_imports.py::test_to_escape_grid_is_all_zero_when_no_escape_estimate_this_cycle PASSED [ 44%]
test/test_herding_node_imports.py::test_to_escape_grid_reflects_the_current_cycles_distribution_not_stale_state PASSED [ 45%]
test/test_herding_node_imports.py::test_goal_publish_is_withheld_until_both_robot_poses_received PASSED [ 45%]
test/test_herding_node_imports.py::test_other_topics_still_publish_while_goals_are_withheld PASSED [ 46%]
test/test_herding_node_imports.py::test_quaternion_to_heading_identity_points_along_positive_x PASSED [ 46%]
test/test_herding_node_imports.py::test_quaternion_to_heading_ninety_degree_yaw_points_along_positive_y PASSED [ 47%]
test/test_herding_node_imports.py::test_on_robot_pose_updates_heading_from_orientation_not_hardcoded PASSED [ 48%]
test/test_herding_node_imports.py::test_param_defaults_match_shipping_yaml_values PASSED [ 48%]
test/test_herding_node_imports.py::test_node_builtin_defaults_build_a_valid_herding_config PASSED [ 49%]
test/test_herding_node_imports.py::test_load_config_rejects_zero_control_rate_with_a_clear_error PASSED [ 49%]
test/test_herding_node_imports.py::test_timer_reports_no_observation_when_no_new_target_pose_arrived PASSED [ 50%]
test/test_herding_node_imports.py::test_fsm_enters_lost_after_occlusion_timeout_of_silent_target_topic PASSED [ 50%]
test/test_herding_node_imports.py::test_fsm_stays_out_of_lost_while_target_poses_keep_arriving PASSED [ 51%]
test/test_herding_node_imports.py::test_observation_dt_and_sim_time_track_the_real_clock_not_the_nominal_period PASSED [ 51%]
test/test_herding_node_imports.py::test_non_positive_elapsed_time_falls_back_to_the_nominal_period PASSED [ 52%]
test/test_herding_node_imports.py::test_timer_survives_an_exception_from_core_step_and_logs_it PASSED [ 53%]
test/test_herding_node_imports.py::test_timer_survives_an_exception_raised_while_publishing PASSED [ 53%]
test/test_herding_node_imports.py::test_on_map_warns_through_the_ros_logger_on_shape_mismatch PASSED [ 54%]
test/test_herding_node_imports.py::test_on_map_warns_on_resolution_and_origin_mismatch PASSED [ 54%]
test/test_herding_node_imports.py::test_on_map_is_silent_and_stores_the_grid_when_the_map_matches_the_config PASSED [ 55%]
test/test_herding_planner.py::test_driving_point_is_opposite_the_goal PASSED [ 55%]
test/test_herding_planner.py::test_panic_distance_triggers_retreat PASSED [ 56%]
test/test_herding_planner.py::test_blocking_point_excludes_goal_hemisphere PASSED [ 57%]
test/test_herding_planner.py::test_blocking_point_falls_back_when_all_non_hemisphere_routes_blocked PASSED [ 57%]
test/test_herding_planner.py::test_blocking_point_stays_put_when_fully_boxed_in PASSED [ 58%]
test/test_herding_planner.py::test_blocking_point_returns_previous_point_when_fully_boxed_in PASSED [ 58%]
test/test_herding_planner.py::test_blocking_point_geodesic_filter_rejects_sealed_pocket PASSED [ 59%]
test/test_herding_planner.py::test_blocking_point_ignores_geodesic_filter_when_field_is_none PASSED [ 59%]
test/test_herding_planner.py::test_sealing_pair_seals_a_corridor_that_needs_both_robots PASSED [ 60%]
test/test_herding_planner.py::test_sealing_pair_refuses_to_claim_a_seal_in_a_wide_room PASSED [ 61%]
test/test_herding_planner.py::test_sealing_pair_reports_single_robot_seal_without_claiming_cooperation PASSED [ 61%]
test/test_herding_planner.py::test_sealing_pair_places_the_line_behind_the_target PASSED [ 62%]
test/test_herding_planner.py::test_sealing_pair_endpoints_are_reachable_by_a_robot_body PASSED [ 62%]
test/test_herding_planner.py::test_sealing_pair_gap_between_robots_is_narrower_than_the_target PASSED [ 63%]
test/test_herding_planner.py::test_sealing_pair_returns_unsealed_when_the_line_center_is_inside_a_wall PASSED [ 63%]
test/test_herding_planner.py::test_pressure_pair_fully_covers_a_narrow_corridor PASSED [ 64%]
test/test_herding_planner.py::test_pressure_pair_cannot_cover_a_room_much_wider_than_four_flee_radii PASSED [ 64%]
test/test_herding_planner.py::test_pressure_pair_spread_follows_the_half_angle_on_the_push_circle PASSED [ 65%]
test/test_herding_planner.py::test_pressure_pair_anchors_to_a_near_wall_and_shifts_coverage_outward PASSED [ 66%]
test/test_herding_planner.py::test_pressure_pair_never_places_a_robot_inside_a_wall PASSED [ 66%]
test/test_herding_planner.py::test_pressure_pair_coverage_grows_with_the_flee_radius PASSED [ 67%]
test/test_herding_planner.py::test_pressure_pair_two_robots_cover_more_than_one_would PASSED [ 67%]
test/test_herding_planner.py::test_guard_point_sits_on_the_escape_side_not_the_goal_side PASSED [ 68%]
test/test_herding_planner.py::test_guard_point_prefers_the_narrowest_chokepoint PASSED [ 68%]
test/test_herding_planner.py::test_guard_point_returns_none_when_no_standable_spot_exists PASSED [ 69%]
test/test_herding_planner.py::test_endgame_pincer_is_inactive_when_the_target_is_far_from_the_trap PASSED [ 70%]
test/test_herding_planner.py::test_endgame_pincer_places_both_robots_on_the_far_side_of_the_trap PASSED [ 70%]
test/test_herding_planner.py::test_endgame_pincer_keeps_the_two_robots_apart PASSED [ 71%]
test/test_occlusion_grid.py::test_seed_sets_best_guess_to_seeded_cell PASSED [ 71%]
test/test_occlusion_grid.py::test_step_diffuses_probability_to_neighbors PASSED [ 72%]
test/test_occlusion_grid.py::test_step_decays_total_probability_mass PASSED [ 72%]
test/test_occlusion_grid.py::test_obstacle_cells_never_hold_belief PASSED [ 73%]
test/test_occlusion_grid.py::test_repeated_steps_decay_mass_geometrically_not_plateau PASSED [ 74%]
test/test_occlusion_grid.py::test_large_dt_does_not_inflate_belief_mass PASSED [ 74%]
test/test_role_assigner.py::test_closer_robot_is_assigned_driver_initially PASSED [ 75%]
test/test_role_assigner.py::test_farther_robot1_is_not_bootstrapped_as_driver_on_first_call PASSED [ 75%]
test/test_role_assigner.py::test_role_does_not_swap_within_cooldown PASSED [ 76%]
test/test_role_assigner.py::test_role_swaps_after_cooldown_elapses PASSED [ 76%]
test/test_role_assigner.py::test_role_cost_turn_weight_breaks_ties_between_equidistant_robots PASSED [ 77%]
test/test_role_assigner.py::test_resolve_separation_pushes_blocker_away PASSED [ 77%]
test/test_role_assigner.py::test_resolve_separation_handles_coincident_points PASSED [ 78%]
test/test_role_assigner.py::test_resolve_separation_leaves_already_separated_points_untouched PASSED [ 79%]
test/test_run_validation.py::test_shipping_sweep_contains_points_the_config_invariant_rejects PASSED [ 79%]
test/test_run_validation.py::test_sensitivity_sweep_completes_with_the_shipping_config PASSED [ 80%]
test/test_run_validation.py::test_sweep_over_a_valid_config_rejects_nothing PASSED [ 80%]
test/test_run_validation.py::test_report_cells_mark_a_rejected_point_instead_of_dropping_it PASSED [ 81%]
test/test_run_validation.py::test_sensitivity_plot_renders_a_rejected_point_without_crashing PASSED [ 81%]
test/test_run_validation.py::test_sensitivity_plot_still_renders_a_fully_valid_sweep PASSED [ 82%]
test/test_simulator.py::test_run_trial_produces_bounded_trajectories PASSED [ 83%]
test/test_simulator.py::test_run_trial_is_deterministic_given_same_seed PASSED [ 83%]
test/test_simulator.py::test_heading_update_depends_on_movement_not_on_resulting_x_sign PASSED [ 84%]
test/test_simulator.py::test_heading_is_held_when_the_robot_does_not_move PASSED [ 84%]
test/test_simulator.py::test_trial_spawns_inside_a_negative_origin_arena PASSED [ 85%]
test/test_simulator.py::test_target_is_confined_by_the_arena_walls PASSED [ 85%]
test/test_simulator.py::test_random_mode_keeps_robots_inside_the_arena PASSED [ 86%]
test/test_simulator.py::test_target_is_stopped_by_an_obstacle_cell PASSED [ 87%]
test/test_simulator.py::test_default_arena_walls_are_visible_to_a_wall_following_target[1] PASSED [ 87%]
test/test_simulator.py::test_default_arena_walls_are_visible_to_a_wall_following_target[8] PASSED [ 88%]
test/test_simulator.py::test_default_arena_walls_are_visible_to_a_wall_following_target[10] PASSED [ 88%]
test/test_simulator.py::test_noisy_human_inherits_the_walled_arena PASSED [ 89%]
test/test_simulator.py::test_default_obstacle_mask_is_a_boundary_ring PASSED [ 89%]
test/test_simulator.py::test_explicit_obstacle_mask_is_used_verbatim PASSED [ 90%]
test/test_simulator.py::test_robots_do_not_walk_into_obstacle_cells PASSED [ 90%]
test/test_simulator.py::test_obstacle_mask_shape_is_validated PASSED     [ 91%]
test/test_simulator.py::test_evasion_model_receives_position_and_achieved_velocity PASSED [ 92%]
test/test_simulator.py::test_panic_count_is_per_cycle_and_not_latched_once_triggered PASSED [ 92%]
test/test_simulator.py::test_panic_is_detected_when_it_happens_at_the_very_end_of_the_last_cycle PASSED [ 93%]
test/test_simulator.py::test_idle_mode_holds_the_robots_but_still_advances_the_core PASSED [ 93%]
test/test_simulator.py::test_unknown_control_mode_is_rejected PASSED     [ 94%]
test/test_simulator.py::test_trial_that_never_captures_reports_failure_at_the_full_duration PASSED [ 94%]
test/test_simulator.py::test_capture_reports_the_elapsed_time_not_the_trial_limit PASSED [ 95%]
test/test_simulator.py::test_step_body_rejects_positions_where_the_body_would_overlap_a_wall PASSED [ 96%]
test/test_simulator.py::test_robot_bodies_never_overlap_walls_during_a_real_map_trial PASSED [ 96%]
test/test_simulator.py::test_two_robots_never_overlap_during_a_real_map_trial PASSED [ 97%]
test/test_state_machine.py::test_full_forward_path_idle_to_captured PASSED [ 97%]
test/test_state_machine.py::test_occlusion_timeout_from_herd_transitions_to_lost_then_back_to_track PASSED [ 98%]
test/test_state_machine.py::test_corner_falls_back_to_herd_when_entry_invariant_breaks PASSED [ 98%]
test/test_target_estimator.py::test_converges_to_constant_velocity_track PASSED [ 99%]
test/test_target_estimator.py::test_occlusion_triggers_lost_after_timeout PASSED [100%]

=============================== warnings summary ===============================
../../../../../usr/lib/python3/dist-packages/scipy/__init__.py:146
  /usr/lib/python3/dist-packages/scipy/__init__.py:146: UserWarning: A NumPy version >=1.17.3 and <1.25.0 is required for this version of SciPy (detected version 1.26.4
    warnings.warn(f"A NumPy version >={np_minversion} and <{np_maxversion}"

-- Docs: https://docs.pytest.org/en/stable/warnings.html
======================== 177 passed, 1 warning in 8.00s ========================
